c:\users\asus\source\repos\datastc\datastc\x64\release\vc142.pdb
c:\users\asus\source\repos\datastc\datastc\x64\release\snode.obj
c:\users\asus\source\repos\datastc\datastc\x64\release\singlell.obj
c:\users\asus\source\repos\datastc\datastc\x64\release\selfbalancedbst.obj
c:\users\asus\source\repos\datastc\datastc\x64\release\sbbstnode.obj
c:\users\asus\source\repos\datastc\datastc\x64\release\main.obj
c:\users\asus\source\repos\datastc\datastc\x64\release\doublell.obj
c:\users\asus\source\repos\datastc\datastc\x64\release\dnode.obj
c:\users\asus\source\repos\datastc\datastc\x64\release\datastc.obj
c:\users\asus\source\repos\datastc\datastc\x64\release\bstnode.obj
c:\users\asus\source\repos\datastc\datastc\x64\release\bst.obj
c:\users\asus\source\repos\datastc\datastc\x64\release\array.obj
c:\users\asus\source\repos\datastc\x64\release\datastc.lib
c:\users\asus\source\repos\datastc\x64\release\datastc.exp
c:\users\asus\source\repos\datastc\x64\release\datastc.dll
c:\users\asus\source\repos\datastc\datastc\x64\release\datastc.ipdb
c:\users\asus\source\repos\datastc\datastc\x64\release\datastc.iobj
c:\users\asus\source\repos\datastc\x64\release\datastc.pdb
c:\users\asus\source\repos\datastc\datastc\x64\release\datastc.tlog\cl.command.1.tlog
c:\users\asus\source\repos\datastc\datastc\x64\release\datastc.tlog\cl.read.1.tlog
c:\users\asus\source\repos\datastc\datastc\x64\release\datastc.tlog\cl.write.1.tlog
c:\users\asus\source\repos\datastc\datastc\x64\release\datastc.tlog\datastc.write.1u.tlog
c:\users\asus\source\repos\datastc\datastc\x64\release\datastc.tlog\link.command.1.tlog
c:\users\asus\source\repos\datastc\datastc\x64\release\datastc.tlog\link.read.1.tlog
c:\users\asus\source\repos\datastc\datastc\x64\release\datastc.tlog\link.write.1.tlog
