c:\users\asus\source\repos\datastc\datastc\debug\vc142.pdb
c:\users\asus\source\repos\datastc\datastc\debug\vc142.idb
c:\users\asus\source\repos\datastc\datastc\debug\snode.obj
c:\users\asus\source\repos\datastc\datastc\debug\singlell.obj
c:\users\asus\source\repos\datastc\datastc\debug\selfbalancedbst.obj
c:\users\asus\source\repos\datastc\datastc\debug\sbbstnode.obj
c:\users\asus\source\repos\datastc\datastc\debug\main.obj
c:\users\asus\source\repos\datastc\datastc\debug\doublell.obj
c:\users\asus\source\repos\datastc\datastc\debug\dnode.obj
c:\users\asus\source\repos\datastc\datastc\debug\datastc.obj
c:\users\asus\source\repos\datastc\datastc\debug\bstnode.obj
c:\users\asus\source\repos\datastc\datastc\debug\bst.obj
c:\users\asus\source\repos\datastc\datastc\debug\array.obj
c:\users\asus\source\repos\datastc\debug\datastc.lib
c:\users\asus\source\repos\datastc\debug\datastc.exp
c:\users\asus\source\repos\datastc\debug\datastc.ilk
c:\users\asus\source\repos\datastc\debug\datastc.dll
c:\users\asus\source\repos\datastc\debug\datastc.pdb
c:\users\asus\source\repos\datastc\datastc\debug\datastc.tlog\cl.command.1.tlog
c:\users\asus\source\repos\datastc\datastc\debug\datastc.tlog\cl.read.1.tlog
c:\users\asus\source\repos\datastc\datastc\debug\datastc.tlog\cl.write.1.tlog
c:\users\asus\source\repos\datastc\datastc\debug\datastc.tlog\datastc.write.1u.tlog
c:\users\asus\source\repos\datastc\datastc\debug\datastc.tlog\link.command.1.tlog
c:\users\asus\source\repos\datastc\datastc\debug\datastc.tlog\link.read.1.tlog
c:\users\asus\source\repos\datastc\datastc\debug\datastc.tlog\link.write.1.tlog
